{"total": {"lines":{"total":1439,"covered":1418,"skipped":0,"pct":98.54},"statements":{"total":1439,"covered":1418,"skipped":0,"pct":98.54},"functions":{"total":56,"covered":56,"skipped":0,"pct":100},"branches":{"total":262,"covered":250,"skipped":0,"pct":95.41},"branchesTrue":{"total":0,"covered":0,"skipped":0,"pct":100}}
,"/home/runner/work/typing-effect/typing-effect/src/TypingEffect/TypingEffect.ts": {"lines":{"total":1217,"covered":1196,"skipped":0,"pct":98.27},"functions":{"total":50,"covered":50,"skipped":0,"pct":100},"statements":{"total":1217,"covered":1196,"skipped":0,"pct":98.27},"branches":{"total":207,"covered":196,"skipped":0,"pct":94.68}}
,"/home/runner/work/typing-effect/typing-effect/src/TypingEffect/index.ts": {"lines":{"total":1,"covered":1,"skipped":0,"pct":100},"functions":{"total":0,"covered":0,"skipped":0,"pct":100},"statements":{"total":1,"covered":1,"skipped":0,"pct":100},"branches":{"total":0,"covered":0,"skipped":0,"pct":100}}
,"/home/runner/work/typing-effect/typing-effect/src/utils/mergeWithDefaults.ts": {"lines":{"total":91,"covered":91,"skipped":0,"pct":100},"functions":{"total":1,"covered":1,"skipped":0,"pct":100},"statements":{"total":91,"covered":91,"skipped":0,"pct":100},"branches":{"total":18,"covered":18,"skipped":0,"pct":100}}
,"/home/runner/work/typing-effect/typing-effect/src/utils/roundUpToSixteen.ts": {"lines":{"total":11,"covered":11,"skipped":0,"pct":100},"functions":{"total":1,"covered":1,"skipped":0,"pct":100},"statements":{"total":11,"covered":11,"skipped":0,"pct":100},"branches":{"total":3,"covered":3,"skipped":0,"pct":100}}
,"/home/runner/work/typing-effect/typing-effect/src/utils/setIntervalRAF.ts": {"lines":{"total":28,"covered":28,"skipped":0,"pct":100},"functions":{"total":2,"covered":2,"skipped":0,"pct":100},"statements":{"total":28,"covered":28,"skipped":0,"pct":100},"branches":{"total":5,"covered":5,"skipped":0,"pct":100}}
,"/home/runner/work/typing-effect/typing-effect/src/utils/substringGenerator.ts": {"lines":{"total":25,"covered":25,"skipped":0,"pct":100},"functions":{"total":1,"covered":1,"skipped":0,"pct":100},"statements":{"total":25,"covered":25,"skipped":0,"pct":100},"branches":{"total":7,"covered":7,"skipped":0,"pct":100}}
,"/home/runner/work/typing-effect/typing-effect/src/utils/substringGeneratorForArray.ts": {"lines":{"total":66,"covered":66,"skipped":0,"pct":100},"functions":{"total":1,"covered":1,"skipped":0,"pct":100},"statements":{"total":66,"covered":66,"skipped":0,"pct":100},"branches":{"total":22,"covered":21,"skipped":0,"pct":95.45}}
}
