{"total": {"lines":{"total":11720,"covered":11671,"skipped":0,"pct":99.58},"statements":{"total":11720,"covered":11671,"skipped":0,"pct":99.58},"functions":{"total":68,"covered":66,"skipped":0,"pct":97.05},"branches":{"total":616,"covered":600,"skipped":0,"pct":97.4},"branchesTrue":{"total":0,"covered":0,"skipped":0,"pct":100}}
,"/home/runner/work/typing-effect/typing-effect/tsup.config.ts": {"lines":{"total":11,"covered":0,"skipped":0,"pct":0},"functions":{"total":1,"covered":0,"skipped":0,"pct":0},"statements":{"total":11,"covered":0,"skipped":0,"pct":0},"branches":{"total":1,"covered":0,"skipped":0,"pct":0}}
,"/home/runner/work/typing-effect/typing-effect/vite.config.ts": {"lines":{"total":15,"covered":0,"skipped":0,"pct":0},"functions":{"total":1,"covered":0,"skipped":0,"pct":0},"statements":{"total":15,"covered":0,"skipped":0,"pct":0},"branches":{"total":1,"covered":0,"skipped":0,"pct":0}}
,"/home/runner/work/typing-effect/typing-effect/src/TypingEffect/TypingEffect.defaultOptions.test.ts": {"lines":{"total":508,"covered":508,"skipped":0,"pct":100},"functions":{"total":2,"covered":2,"skipped":0,"pct":100},"statements":{"total":508,"covered":508,"skipped":0,"pct":100},"branches":{"total":17,"covered":17,"skipped":0,"pct":100}}
,"/home/runner/work/typing-effect/typing-effect/src/TypingEffect/TypingEffect.jumpTo.test.ts": {"lines":{"total":452,"covered":452,"skipped":0,"pct":100},"functions":{"total":0,"covered":0,"skipped":0,"pct":100},"statements":{"total":452,"covered":452,"skipped":0,"pct":100},"branches":{"total":34,"covered":34,"skipped":0,"pct":100}}
,"/home/runner/work/typing-effect/typing-effect/src/TypingEffect/TypingEffect.onAfterTyping.test.ts": {"lines":{"total":341,"covered":341,"skipped":0,"pct":100},"functions":{"total":0,"covered":0,"skipped":0,"pct":100},"statements":{"total":341,"covered":341,"skipped":0,"pct":100},"branches":{"total":6,"covered":6,"skipped":0,"pct":100}}
,"/home/runner/work/typing-effect/typing-effect/src/TypingEffect/TypingEffect.onAfterUntyping.test.ts": {"lines":{"total":417,"covered":417,"skipped":0,"pct":100},"functions":{"total":0,"covered":0,"skipped":0,"pct":100},"statements":{"total":417,"covered":417,"skipped":0,"pct":100},"branches":{"total":7,"covered":7,"skipped":0,"pct":100}}
,"/home/runner/work/typing-effect/typing-effect/src/TypingEffect/TypingEffect.onArrayFinished.test.ts": {"lines":{"total":294,"covered":294,"skipped":0,"pct":100},"functions":{"total":3,"covered":3,"skipped":0,"pct":100},"statements":{"total":294,"covered":294,"skipped":0,"pct":100},"branches":{"total":10,"covered":10,"skipped":0,"pct":100}}
,"/home/runner/work/typing-effect/typing-effect/src/TypingEffect/TypingEffect.onBeforeTyping.test.ts": {"lines":{"total":348,"covered":348,"skipped":0,"pct":100},"functions":{"total":0,"covered":0,"skipped":0,"pct":100},"statements":{"total":348,"covered":348,"skipped":0,"pct":100},"branches":{"total":6,"covered":6,"skipped":0,"pct":100}}
,"/home/runner/work/typing-effect/typing-effect/src/TypingEffect/TypingEffect.onBeforeUntyping.test.ts": {"lines":{"total":414,"covered":414,"skipped":0,"pct":100},"functions":{"total":0,"covered":0,"skipped":0,"pct":100},"statements":{"total":414,"covered":414,"skipped":0,"pct":100},"branches":{"total":7,"covered":7,"skipped":0,"pct":100}}
,"/home/runner/work/typing-effect/typing-effect/src/TypingEffect/TypingEffect.onInstanceDisposed.test.ts": {"lines":{"total":50,"covered":50,"skipped":0,"pct":100},"functions":{"total":0,"covered":0,"skipped":0,"pct":100},"statements":{"total":50,"covered":50,"skipped":0,"pct":100},"branches":{"total":6,"covered":6,"skipped":0,"pct":100}}
,"/home/runner/work/typing-effect/typing-effect/src/TypingEffect/TypingEffect.pause.test.ts": {"lines":{"total":273,"covered":273,"skipped":0,"pct":100},"functions":{"total":0,"covered":0,"skipped":0,"pct":100},"statements":{"total":273,"covered":273,"skipped":0,"pct":100},"branches":{"total":30,"covered":30,"skipped":0,"pct":100}}
,"/home/runner/work/typing-effect/typing-effect/src/TypingEffect/TypingEffect.resume.test.ts": {"lines":{"total":221,"covered":221,"skipped":0,"pct":100},"functions":{"total":0,"covered":0,"skipped":0,"pct":100},"statements":{"total":221,"covered":221,"skipped":0,"pct":100},"branches":{"total":30,"covered":30,"skipped":0,"pct":100}}
,"/home/runner/work/typing-effect/typing-effect/src/TypingEffect/TypingEffect.setCallback.test.ts": {"lines":{"total":847,"covered":847,"skipped":0,"pct":100},"functions":{"total":0,"covered":0,"skipped":0,"pct":100},"statements":{"total":847,"covered":847,"skipped":0,"pct":100},"branches":{"total":26,"covered":26,"skipped":0,"pct":100}}
,"/home/runner/work/typing-effect/typing-effect/src/TypingEffect/TypingEffect.setOptions.test.ts": {"lines":{"total":3984,"covered":3984,"skipped":0,"pct":100},"functions":{"total":5,"covered":5,"skipped":0,"pct":100},"statements":{"total":3984,"covered":3984,"skipped":0,"pct":100},"branches":{"total":68,"covered":67,"skipped":0,"pct":98.52}}
,"/home/runner/work/typing-effect/typing-effect/src/TypingEffect/TypingEffect.setStrings.test.ts": {"lines":{"total":849,"covered":849,"skipped":0,"pct":100},"functions":{"total":0,"covered":0,"skipped":0,"pct":100},"statements":{"total":849,"covered":849,"skipped":0,"pct":100},"branches":{"total":26,"covered":26,"skipped":0,"pct":100}}
,"/home/runner/work/typing-effect/typing-effect/src/TypingEffect/TypingEffect.start.test.ts": {"lines":{"total":310,"covered":310,"skipped":0,"pct":100},"functions":{"total":0,"covered":0,"skipped":0,"pct":100},"statements":{"total":310,"covered":310,"skipped":0,"pct":100},"branches":{"total":21,"covered":21,"skipped":0,"pct":100}}
,"/home/runner/work/typing-effect/typing-effect/src/TypingEffect/TypingEffect.stop.test.ts": {"lines":{"total":267,"covered":267,"skipped":0,"pct":100},"functions":{"total":0,"covered":0,"skipped":0,"pct":100},"statements":{"total":267,"covered":267,"skipped":0,"pct":100},"branches":{"total":12,"covered":12,"skipped":0,"pct":100}}
,"/home/runner/work/typing-effect/typing-effect/src/TypingEffect/TypingEffect.ts": {"lines":{"total":847,"covered":824,"skipped":0,"pct":97.28},"functions":{"total":50,"covered":50,"skipped":0,"pct":100},"statements":{"total":847,"covered":824,"skipped":0,"pct":97.28},"branches":{"total":211,"covered":199,"skipped":0,"pct":94.31}}
,"/home/runner/work/typing-effect/typing-effect/src/TypingEffect/index.ts": {"lines":{"total":1,"covered":1,"skipped":0,"pct":100},"functions":{"total":0,"covered":0,"skipped":0,"pct":100},"statements":{"total":1,"covered":1,"skipped":0,"pct":100},"branches":{"total":0,"covered":0,"skipped":0,"pct":100}}
,"/home/runner/work/typing-effect/typing-effect/src/utils/mergeWithDefaults.test.ts": {"lines":{"total":296,"covered":296,"skipped":0,"pct":100},"functions":{"total":0,"covered":0,"skipped":0,"pct":100},"statements":{"total":296,"covered":296,"skipped":0,"pct":100},"branches":{"total":7,"covered":7,"skipped":0,"pct":100}}
,"/home/runner/work/typing-effect/typing-effect/src/utils/mergeWithDefaults.ts": {"lines":{"total":60,"covered":60,"skipped":0,"pct":100},"functions":{"total":1,"covered":1,"skipped":0,"pct":100},"statements":{"total":60,"covered":60,"skipped":0,"pct":100},"branches":{"total":18,"covered":18,"skipped":0,"pct":100}}
,"/home/runner/work/typing-effect/typing-effect/src/utils/roundUpToSixteen.ts": {"lines":{"total":7,"covered":7,"skipped":0,"pct":100},"functions":{"total":1,"covered":1,"skipped":0,"pct":100},"statements":{"total":7,"covered":7,"skipped":0,"pct":100},"branches":{"total":3,"covered":3,"skipped":0,"pct":100}}
,"/home/runner/work/typing-effect/typing-effect/src/utils/setIntervalRAF.test.ts": {"lines":{"total":674,"covered":674,"skipped":0,"pct":100},"functions":{"total":0,"covered":0,"skipped":0,"pct":100},"statements":{"total":674,"covered":674,"skipped":0,"pct":100},"branches":{"total":18,"covered":18,"skipped":0,"pct":100}}
,"/home/runner/work/typing-effect/typing-effect/src/utils/setIntervalRAF.ts": {"lines":{"total":18,"covered":18,"skipped":0,"pct":100},"functions":{"total":2,"covered":2,"skipped":0,"pct":100},"statements":{"total":18,"covered":18,"skipped":0,"pct":100},"branches":{"total":5,"covered":5,"skipped":0,"pct":100}}
,"/home/runner/work/typing-effect/typing-effect/src/utils/substringGenerator.test.ts": {"lines":{"total":28,"covered":28,"skipped":0,"pct":100},"functions":{"total":0,"covered":0,"skipped":0,"pct":100},"statements":{"total":28,"covered":28,"skipped":0,"pct":100},"branches":{"total":4,"covered":4,"skipped":0,"pct":100}}
,"/home/runner/work/typing-effect/typing-effect/src/utils/substringGenerator.ts": {"lines":{"total":18,"covered":18,"skipped":0,"pct":100},"functions":{"total":1,"covered":1,"skipped":0,"pct":100},"statements":{"total":18,"covered":18,"skipped":0,"pct":100},"branches":{"total":7,"covered":7,"skipped":0,"pct":100}}
,"/home/runner/work/typing-effect/typing-effect/src/utils/substringGeneratorForArray.test.ts": {"lines":{"total":141,"covered":141,"skipped":0,"pct":100},"functions":{"total":0,"covered":0,"skipped":0,"pct":100},"statements":{"total":141,"covered":141,"skipped":0,"pct":100},"branches":{"total":13,"covered":13,"skipped":0,"pct":100}}
,"/home/runner/work/typing-effect/typing-effect/src/utils/substringGeneratorForArray.ts": {"lines":{"total":29,"covered":29,"skipped":0,"pct":100},"functions":{"total":1,"covered":1,"skipped":0,"pct":100},"statements":{"total":29,"covered":29,"skipped":0,"pct":100},"branches":{"total":22,"covered":21,"skipped":0,"pct":95.45}}
}
